<?xml version="1.0" encoding="UTF-8"?>
<!-- Generated by org.testng.reporters.JUnitReportReporter -->
<testsuite hostname="Hp_avilion" failures="0" tests="1" name="DemoAppiumTest.TestCaseDemo" time="37.570" errors="0" timestamp="2024-10-23T14:20:20 IST" skipped="0">
  <testcase classname="DemoAppiumTest.TestCaseDemo" name="TestCase" time="37.570"/>
</testsuite> <!-- DemoAppiumTest.TestCaseDemo -->
