<?xml version="1.0" encoding="UTF-8"?>
<!-- Generated by org.testng.reporters.JUnitReportReporter -->
<testsuite hostname="Hp_avilion" failures="0" tests="1" name="PackageK21.AppiumTestCases" time="18.121" errors="0" timestamp="2024-10-10T15:49:12 IST" skipped="0">
  <testcase classname="PackageK21.AppiumTestCases" name="testMethod" time="18.121"/>
</testsuite> <!-- PackageK21.AppiumTestCases -->
